<?xml version="1.0" encoding="UTF-8"?>
<!-- Generated by org.testng.reporters.JUnitReportReporter -->
<testsuite hostname="Rohits-MacBook-Pro.local" failures="0" tests="5" name="Assured.DataProviders" time="1.141" errors="0" timestamp="8 Feb 2024 05:10:37 GMT">
  <testcase classname="Assured.DataProviders" name="addbook" time="0.769"/>
  <testcase classname="Assured.DataProviders" name="addbook" time="0.092"/>
  <testcase classname="Assured.DataProviders" name="addbook" time="0.097"/>
  <testcase classname="Assured.DataProviders" name="addbook" time="0.088"/>
  <testcase classname="Assured.DataProviders" name="addbook" time="0.095"/>
</testsuite> <!-- Assured.DataProviders -->
